#-----------------------------------------------------------
# Vivado v2022.2 (64-bit)
# SW Build 3671981 on Fri Oct 14 05:00:03 MDT 2022
# IP Build 3669848 on Fri Oct 14 08:30:02 MDT 2022
# Start of session at: Mon May 27 12:20:31 2024
# Process ID: 11436
# Current directory: C:/Users/MatiOliva/Documents/04-RedPitaya/signal_processing_red_pitaya
# Command line: vivado.exe -gui_launcher_event rodinguilauncherevent6068 C:\Users\MatiOliva\Documents\04-RedPitaya\signal_processing_red_pitaya\signal_processing_red_pitaya.xpr
# Log file: C:/Users/MatiOliva/Documents/04-RedPitaya/signal_processing_red_pitaya/vivado.log
# Journal file: C:/Users/MatiOliva/Documents/04-RedPitaya/signal_processing_red_pitaya\vivado.jou
# Running On: DESKTOP-BRUHM76, OS: Windows, CPU Frequency: 3912 MHz, CPU Physical cores: 2, Host memory: 17041 MB
#-----------------------------------------------------------
start_gui
open_project C:/Users/MatiOliva/Documents/04-RedPitaya/signal_processing_red_pitaya/signal_processing_red_pitaya.xpr
WARNING: [filemgmt 56-3] IP Repository Path: Could not find the directory 'C:/Users/MatiOliva/Documents/02-lockin_red_pitaya/hardware/lockin.srcs/user_ip'.
WARNING: [filemgmt 56-3] IP Repository Path: Could not find the directory 'C:/Users/MatiOliva/Documents/02-lockin_red_pitaya/hardware/lockin.srcs/lu_tables'.
Scanning sources...
Finished scanning sources
WARNING: [Board 49-26] cannot add Board Part xilinx.com:kc705:part0:1.6 available at C:/Xilinx/Vivado/2022.2/data/xhub/boards/XilinxBoardStore/boards/Xilinx/kc705/1.6/board.xml as part xc7k325tffg900-2 specified in board_part file is either invalid or not available
WARNING: [Board 49-26] cannot add Board Part xilinx.com:kcu105:part0:1.6 available at C:/Xilinx/Vivado/2022.2/data/xhub/boards/XilinxBoardStore/boards/Xilinx/kcu105/1.6/board.xml as part xcku040-ffva1156-2-e specified in board_part file is either invalid or not available
WARNING: [Board 49-26] cannot add Board Part xilinx.com:kcu105:part0:1.7 available at C:/Xilinx/Vivado/2022.2/data/xhub/boards/XilinxBoardStore/boards/Xilinx/kcu105/1.7/board.xml as part xcku040-ffva1156-2-e specified in board_part file is either invalid or not available
WARNING: [Board 49-26] cannot add Board Part xilinx.com:kcu1500:part0:1.2 available at C:/Xilinx/Vivado/2022.2/data/xhub/boards/XilinxBoardStore/boards/Xilinx/kcu1500/1.2/board.xml as part xcku115-flvb2104-2-e specified in board_part file is either invalid or not available
WARNING: [Board 49-26] cannot add Board Part xilinx.com:vc707:part0:1.4 available at C:/Xilinx/Vivado/2022.2/data/xhub/boards/XilinxBoardStore/boards/Xilinx/vc707/1.4/board.xml as part xc7vx485tffg1761-2 specified in board_part file is either invalid or not available
WARNING: [Board 49-26] cannot add Board Part xilinx.com:vc709:part0:1.8 available at C:/Xilinx/Vivado/2022.2/data/xhub/boards/XilinxBoardStore/boards/Xilinx/vc709/1.8/board.xml as part xc7vx690tffg1761-2 specified in board_part file is either invalid or not available
WARNING: [Board 49-26] cannot add Board Part xilinx.com:vck190:part0:2.2 available at C:/Xilinx/Vivado/2022.2/data/xhub/boards/XilinxBoardStore/boards/Xilinx/vck190/production/2.2/board.xml as part xcvc1902-vsva2197-2mp-e-s specified in board_part file is either invalid or not available
WARNING: [Board 49-26] cannot add Board Part xilinx.com:vck190:part0:3.0 available at C:/Xilinx/Vivado/2022.2/data/xhub/boards/XilinxBoardStore/boards/Xilinx/vck190/production/3.0/board.xml as part xcvc1902-vsva2197-2mp-e-s specified in board_part file is either invalid or not available
WARNING: [Board 49-26] cannot add Board Part xilinx.com:vck190:part0:3.1 available at C:/Xilinx/Vivado/2022.2/data/xhub/boards/XilinxBoardStore/boards/Xilinx/vck190/production/3.1/board.xml as part xcvc1902-vsva2197-2mp-e-s specified in board_part file is either invalid or not available
WARNING: [Board 49-26] cannot add Board Part xilinx.com:vck190_newl:part0:1.0 available at C:/Xilinx/Vivado/2022.2/data/xhub/boards/XilinxBoardStore/boards/Xilinx/vck190_newl/production/1.0/board.xml as part xcvc1902-vsva2197-2mp-e-s specified in board_part file is either invalid or not available
WARNING: [Board 49-26] cannot add Board Part xilinx.com:vcu108:part0:1.6 available at C:/Xilinx/Vivado/2022.2/data/xhub/boards/XilinxBoardStore/boards/Xilinx/vcu108/1.6/board.xml as part xcvu095-ffva2104-2-e specified in board_part file is either invalid or not available
WARNING: [Board 49-26] cannot add Board Part xilinx.com:vcu108:part0:1.7 available at C:/Xilinx/Vivado/2022.2/data/xhub/boards/XilinxBoardStore/boards/Xilinx/vcu108/1.7/board.xml as part xcvu095-ffva2104-2-e specified in board_part file is either invalid or not available
WARNING: [Board 49-26] cannot add Board Part xilinx.com:vcu110:part0:1.4 available at C:/Xilinx/Vivado/2022.2/data/xhub/boards/XilinxBoardStore/boards/Xilinx/vcu110/1.4/board.xml as part xcvu190-flgc2104-2-e specified in board_part file is either invalid or not available
WARNING: [Board 49-26] cannot add Board Part xilinx.com:vcu118:part0:2.0 available at C:/Xilinx/Vivado/2022.2/data/xhub/boards/XilinxBoardStore/boards/Xilinx/vcu118/2.0/board.xml as part xcvu9p-flga2104-2l-e specified in board_part file is either invalid or not available
WARNING: [Board 49-26] cannot add Board Part xilinx.com:vcu118:part0:2.3 available at C:/Xilinx/Vivado/2022.2/data/xhub/boards/XilinxBoardStore/boards/Xilinx/vcu118/2.3/board.xml as part xcvu9p-flga2104-2l-e specified in board_part file is either invalid or not available
WARNING: [Board 49-26] cannot add Board Part xilinx.com:vcu118:part0:2.4 available at C:/Xilinx/Vivado/2022.2/data/xhub/boards/XilinxBoardStore/boards/Xilinx/vcu118/2.4/board.xml as part xcvu9p-flga2104-2l-e specified in board_part file is either invalid or not available
WARNING: [Board 49-26] cannot add Board Part xilinx.com:vcu128:part0:1.0 available at C:/Xilinx/Vivado/2022.2/data/xhub/boards/XilinxBoardStore/boards/Xilinx/vcu128/production/1.0/board.xml as part xcvu37p-fsvh2892-2l-e specified in board_part file is either invalid or not available
WARNING: [Board 49-26] cannot add Board Part xilinx.com:vcu129:part0:1.0 available at C:/Xilinx/Vivado/2022.2/data/xhub/boards/XilinxBoardStore/boards/Xilinx/vcu129/production/1.0/board.xml as part xcvu29p-fsga2577-2l-e specified in board_part file is either invalid or not available
WARNING: [Board 49-26] cannot add Board Part xilinx.com:vcu1525:part0:1.3 available at C:/Xilinx/Vivado/2022.2/data/xhub/boards/XilinxBoardStore/boards/Xilinx/vcu1525/1.3/board.xml as part xcvu9p-fsgd2104-2l-e specified in board_part file is either invalid or not available
WARNING: [Board 49-26] cannot add Board Part xilinx.com:vek280_es:part0:1.0 available at C:/Xilinx/Vivado/2022.2/data/xhub/boards/XilinxBoardStore/boards/Xilinx/vek280/es/1.0/board.xml as part xcve2802-vsvh1760-2lp-e-s-es1 specified in board_part file is either invalid or not available
WARNING: [Board 49-26] cannot add Board Part xilinx.com:vermeo_t1_mpsoc:part0:1.0 available at C:/Xilinx/Vivado/2022.2/data/xhub/boards/XilinxBoardStore/boards/Xilinx/vermeo_t1_mpsoc/1.0/board.xml as part xczu19eg-ffvd1760-2l-e specified in board_part file is either invalid or not available
WARNING: [Board 49-26] cannot add Board Part xilinx.com:vermeo_t1_rfsoc:part0:1.0 available at C:/Xilinx/Vivado/2022.2/data/xhub/boards/XilinxBoardStore/boards/Xilinx/vermeo_t1_rfsoc/1.0/board.xml as part xczu21dr-ffvd1156-2l-e specified in board_part file is either invalid or not available
WARNING: [Board 49-26] cannot add Board Part xilinx.com:vhk158_es:part0:1.0 available at C:/Xilinx/Vivado/2022.2/data/xhub/boards/XilinxBoardStore/boards/Xilinx/vhk158/es/1.0/board.xml as part xcvh1582-vsva3697-2mp-e-s-es1 specified in board_part file is either invalid or not available
WARNING: [Board 49-26] cannot add Board Part xilinx.com:vmk180:part0:2.2 available at C:/Xilinx/Vivado/2022.2/data/xhub/boards/XilinxBoardStore/boards/Xilinx/vmk180/production/2.2/board.xml as part xcvm1802-vsva2197-2mp-e-s specified in board_part file is either invalid or not available
WARNING: [Board 49-26] cannot add Board Part xilinx.com:vmk180:part0:3.0 available at C:/Xilinx/Vivado/2022.2/data/xhub/boards/XilinxBoardStore/boards/Xilinx/vmk180/production/3.0/board.xml as part xcvm1802-vsva2197-2mp-e-s specified in board_part file is either invalid or not available
WARNING: [Board 49-26] cannot add Board Part xilinx.com:vmk180:part0:3.1 available at C:/Xilinx/Vivado/2022.2/data/xhub/boards/XilinxBoardStore/boards/Xilinx/vmk180/production/3.1/board.xml as part xcvm1802-vsva2197-2mp-e-s specified in board_part file is either invalid or not available
WARNING: [Board 49-26] cannot add Board Part xilinx.com:vmk180_newl:part0:1.0 available at C:/Xilinx/Vivado/2022.2/data/xhub/boards/XilinxBoardStore/boards/Xilinx/vmk180_newl/production/1.0/board.xml as part xcvm1802-vsva2197-2mp-e-s specified in board_part file is either invalid or not available
WARNING: [Board 49-26] cannot add Board Part xilinx.com:vpk120:part0:1.0 available at C:/Xilinx/Vivado/2022.2/data/xhub/boards/XilinxBoardStore/boards/Xilinx/vpk120/production/1.0/board.xml as part xcvp1202-vsva2785-2mp-e-s specified in board_part file is either invalid or not available
WARNING: [Board 49-26] cannot add Board Part xilinx.com:vpk120_es:part0:1.2 available at C:/Xilinx/Vivado/2022.2/data/xhub/boards/XilinxBoardStore/boards/Xilinx/vpk120/es/1.2/board.xml as part xcvp1202-vsva2785-2mp-e-s-es1 specified in board_part file is either invalid or not available
WARNING: [Board 49-26] cannot add Board Part xilinx.com:vpk120_es_revb:part0:1.0 available at C:/Xilinx/Vivado/2022.2/data/xhub/boards/XilinxBoardStore/boards/Xilinx/vpk120_revb/es/1.0/board.xml as part xcvp1202-vsva2785-2mp-e-s-es1 specified in board_part file is either invalid or not available
WARNING: [Board 49-26] cannot add Board Part xilinx.com:vpk180_es:part0:1.0 available at C:/Xilinx/Vivado/2022.2/data/xhub/boards/XilinxBoardStore/boards/Xilinx/vpk180/es/1.0/board.xml as part xcvp1802-lsvc4072-2mp-e-s-es1 specified in board_part file is either invalid or not available
WARNING: [Board 49-26] cannot add Board Part xilinx.com:zc706:part0:1.4 available at C:/Xilinx/Vivado/2022.2/data/xhub/boards/XilinxBoardStore/boards/Xilinx/zc706/1.4/board.xml as part xc7z045ffg900-2 specified in board_part file is either invalid or not available
WARNING: [Board 49-26] cannot add Board Part xilinx.com:zcu102:part0:3.3 available at C:/Xilinx/Vivado/2022.2/data/xhub/boards/XilinxBoardStore/boards/Xilinx/zcu102/3.3/board.xml as part xczu9eg-ffvb1156-2-e specified in board_part file is either invalid or not available
WARNING: [Board 49-26] cannot add Board Part xilinx.com:zcu102:part0:3.4 available at C:/Xilinx/Vivado/2022.2/data/xhub/boards/XilinxBoardStore/boards/Xilinx/zcu102/3.4/board.xml as part xczu9eg-ffvb1156-2-e specified in board_part file is either invalid or not available
WARNING: [Board 49-26] cannot add Board Part xilinx.com:zcu111:part0:1.2 available at C:/Xilinx/Vivado/2022.2/data/xhub/boards/XilinxBoardStore/boards/Xilinx/zcu111/1.2/board.xml as part xczu28dr-ffvg1517-2-e specified in board_part file is either invalid or not available
WARNING: [Board 49-26] cannot add Board Part xilinx.com:zcu111:part0:1.3 available at C:/Xilinx/Vivado/2022.2/data/xhub/boards/XilinxBoardStore/boards/Xilinx/zcu111/1.3/board.xml as part xczu28dr-ffvg1517-2-e specified in board_part file is either invalid or not available
WARNING: [Board 49-26] cannot add Board Part xilinx.com:zcu111:part0:1.4 available at C:/Xilinx/Vivado/2022.2/data/xhub/boards/XilinxBoardStore/boards/Xilinx/zcu111/1.4/board.xml as part xczu28dr-ffvg1517-2-e specified in board_part file is either invalid or not available
WARNING: [Board 49-26] cannot add Board Part xilinx.com:zcu1275:part0:1.0 available at C:/Xilinx/Vivado/2022.2/data/xhub/boards/XilinxBoardStore/boards/Xilinx/zcu1275/1.0/board.xml as part xczu29dr-ffvf1760-2-e specified in board_part file is either invalid or not available
WARNING: [Board 49-26] cannot add Board Part xilinx.com:zcu1285:part0:1.0 available at C:/Xilinx/Vivado/2022.2/data/xhub/boards/XilinxBoardStore/boards/Xilinx/zcu1285/1.0/board.xml as part xczu39dr-ffvf1760-2-i specified in board_part file is either invalid or not available
WARNING: [Board 49-26] cannot add Board Part xilinx.com:zcu208:part0:2.0 available at C:/Xilinx/Vivado/2022.2/data/xhub/boards/XilinxBoardStore/boards/Xilinx/zcu208/production/2.0/board.xml as part xczu48dr-fsvg1517-2-e specified in board_part file is either invalid or not available
WARNING: [Board 49-26] cannot add Board Part xilinx.com:zcu208ld:part0:2.0 available at C:/Xilinx/Vivado/2022.2/data/xhub/boards/XilinxBoardStore/boards/Xilinx/zcu208ld/production/2.0/board.xml as part xczu58dr-fsvg1517-2-i specified in board_part file is either invalid or not available
WARNING: [Board 49-26] cannot add Board Part xilinx.com:zcu216:part0:2.0 available at C:/Xilinx/Vivado/2022.2/data/xhub/boards/XilinxBoardStore/boards/Xilinx/zcu216/production/2.0/board.xml as part xczu49dr-ffvf1760-2-e specified in board_part file is either invalid or not available
WARNING: [Board 49-26] cannot add Board Part xilinx.com:zcu216ld:part0:2.0 available at C:/Xilinx/Vivado/2022.2/data/xhub/boards/XilinxBoardStore/boards/Xilinx/zcu216ld/production/2.0/board.xml as part xczu59dr-ffvf1760-2-i specified in board_part file is either invalid or not available
WARNING: [Board 49-26] cannot add Board Part xilinx.com:zcu670:part0:2.0 available at C:/Xilinx/Vivado/2022.2/data/xhub/boards/XilinxBoardStore/boards/Xilinx/zcu670/2.0/board.xml as part xczu67dr-fsve1156-2-i specified in board_part file is either invalid or not available
WARNING: [Board 49-26] cannot add Board Part xilinx.com:zcu670ld:part0:1.0 available at C:/Xilinx/Vivado/2022.2/data/xhub/boards/XilinxBoardStore/boards/Xilinx/zcu670ld/1.0/board.xml as part xczu57dr-fsve1156-2-i specified in board_part file is either invalid or not available
INFO: [IP_Flow 19-234] Refreshing IP repositories
WARNING: [IP_Flow 19-2248] Failed to load user IP repository 'c:/Users/MatiOliva/Documents/02-lockin_red_pitaya/hardware/lockin.srcs/user_ip'; Can't find the specified path.
If this directory should no longer be in your list of user repositories, go to the IP Settings dialog and remove it.
WARNING: [IP_Flow 19-2248] Failed to load user IP repository 'c:/Users/MatiOliva/Documents/02-lockin_red_pitaya/hardware/lockin.srcs/lu_tables'; Can't find the specified path.
If this directory should no longer be in your list of user repositories, go to the IP Settings dialog and remove it.
INFO: [IP_Flow 19-2313] Loaded Vivado IP repository 'C:/Xilinx/Vivado/2022.2/data/ip'.
open_project: Time (s): cpu = 00:00:37 ; elapsed = 00:00:27 . Memory (MB): peak = 1163.902 ; gain = 401.172
update_compile_order -fileset sources_1
open_run impl_1
INFO: [Device 21-403] Loading part xc7z010clg400-1
Netlist sorting complete. Time (s): cpu = 00:00:00 ; elapsed = 00:00:00.278 . Memory (MB): peak = 1515.816 ; gain = 0.000
INFO: [Netlist 29-17] Analyzing 191 Unisim elements for replacement
INFO: [Netlist 29-28] Unisim Transformation completed in 1 CPU seconds
INFO: [Project 1-479] Netlist was created with Vivado 2022.2
INFO: [Project 1-570] Preparing netlist for logic optimization
INFO: [Timing 38-478] Restoring timing data from binary archive.
INFO: [Timing 38-479] Binary timing data restore complete.
INFO: [Project 1-856] Restoring constraints from binary archive.
INFO: [Project 1-853] Binary constraint restore complete.
Reading XDEF placement.
Reading placer database...
Reading XDEF routing.
Read XDEF Files: Time (s): cpu = 00:00:01 ; elapsed = 00:00:01 . Memory (MB): peak = 2229.484 ; gain = 0.000
Restored from archive | CPU: 1.000000 secs | Memory: 0.000000 MB |
Finished XDEF File Restore: Time (s): cpu = 00:00:01 ; elapsed = 00:00:01 . Memory (MB): peak = 2229.484 ; gain = 0.000
Netlist sorting complete. Time (s): cpu = 00:00:00 ; elapsed = 00:00:00.004 . Memory (MB): peak = 2229.484 ; gain = 0.000
INFO: [Project 1-111] Unisim Transformation Summary:
  A total of 9 instances were transformed.
  OBUFDS => OBUFDS_DUAL_BUF (INV, OBUFDS(x2)): 2 instances
  RAM32M => RAM32M (RAMD32(x6), RAMS32(x2)): 5 instances
  RAM32X1D => RAM32X1D (RAMD32(x2)): 2 instances

open_run: Time (s): cpu = 00:00:36 ; elapsed = 00:00:32 . Memory (MB): peak = 2338.500 ; gain = 1171.957
CRITICAL WARNING: [Timing 38-282] The design failed to meet the timing requirements. Please see the timing summary report for details on the timing violations.
WARNING: [Timing 38-436] There are set_bus_skew constraint(s) in this design. Please run report_bus_skew to ensure that bus skew requirements are met.
report_timing_summary -delay_type min_max -report_unconstrained -check_timing_verbose -max_paths 10 -input_pins -routable_nets -name timing_1
INFO: [Timing 38-91] UpdateTimingParams: Speed grade: -1, Delay Type: min_max.
INFO: [Timing 38-191] Multithreading enabled for timing update using a maximum of 2 CPUs
WARNING: [Timing 38-436] There are set_bus_skew constraint(s) in this design. Please run report_bus_skew to ensure that bus skew requirements are met.
report_timing_summary -delay_type min_max -report_unconstrained -check_timing_verbose -max_paths 200 -input_pins -routable_nets -name timing_2
INFO: [Timing 38-91] UpdateTimingParams: Speed grade: -1, Delay Type: min_max.
INFO: [Timing 38-191] Multithreading enabled for timing update using a maximum of 2 CPUs
WARNING: [Timing 38-436] There are set_bus_skew constraint(s) in this design. Please run report_bus_skew to ensure that bus skew requirements are met.
reset_run synth_1
INFO: [Project 1-1161] Replacing file C:/Users/MatiOliva/Documents/04-RedPitaya/signal_processing_red_pitaya/signal_processing_red_pitaya.srcs/utils_1/imports/synth_1/system_wrapper.dcp with file C:/Users/MatiOliva/Documents/04-RedPitaya/signal_processing_red_pitaya/signal_processing_red_pitaya.runs/synth_1/system_wrapper.dcp
launch_runs impl_1 -to_step write_bitstream -jobs 2
WARNING: [#UNDEF] When using EMIO pins for SPI_0 tie SSIN High in the PL bitstream
INFO: [xilinx.com:ip:clk_wiz:6.0-1] /data_source/DAC/clk_wiz_0 clk_wiz propagate
ERROR: [BD 41-238] Port/Pin property CLK_DOMAIN does not match between /data_source/DAC/axis_red_pitaya_dac_0/ddr_clk(/DAC/clk_wiz_0_clk_out1) and /data_source/DAC/clk_wiz_0/clk_out1(/data_source/DAC/clk_wiz_0_clk_out1)
ERROR: [BD 41-1031] Hdl Generation failed for the IP Integrator design C:/Users/MatiOliva/Documents/04-RedPitaya/signal_processing_red_pitaya/signal_processing_red_pitaya.srcs/sources_1/bd/system/system.bd 
ERROR: [Vivado 12-4756] Launch of runs aborted due to earlier errors while preparing sub-designs for run execution.
open_bd_design {C:/Users/MatiOliva/Documents/04-RedPitaya/signal_processing_red_pitaya/signal_processing_red_pitaya.srcs/sources_1/bd/system/system.bd}
Reading block design file <C:/Users/MatiOliva/Documents/04-RedPitaya/signal_processing_red_pitaya/signal_processing_red_pitaya.srcs/sources_1/bd/system/system.bd>...
Adding component instance block -- xilinx.com:ip:util_ds_buf:2.2 - util_ds_buf_1
Adding component instance block -- xilinx.com:ip:util_ds_buf:2.2 - util_ds_buf_2
Adding component instance block -- xilinx.com:module_ref:drive_gpios:1.0 - drive_gpios_0
Adding component instance block -- xilinx.com:module_ref:drive_gpios:1.0 - drive_gpios_1
Adding component instance block -- xilinx.com:module_ref:drive_leds:1.0 - drive_leds_0
Adding component instance block -- xilinx.com:ip:xlconstant:1.1 - vcc
Adding component instance block -- xilinx.com:ip:processing_system7:5.5 - processing_system7_0
Adding component instance block -- xilinx.com:ip:proc_sys_reset:5.0 - rst_ps7_0_125M
Adding component instance block -- xilinx.com:ip:axi_interconnect:2.1 - ps7_0_axi_periph
Adding component instance block -- xilinx.com:ip:axi_crossbar:2.1 - xbar
Adding component instance block -- xilinx.com:ip:axi_protocol_converter:2.1 - auto_pc
INFO: [BD 41-434] Could not find an IP with XCI file by name: system_auto_pc_0 
Adding component instance block -- xilinx.com:ip:axi_fifo_mm_s:4.2 - fifo_1
Adding component instance block -- xilinx.com:ip:axis_clock_converter:1.1 - axis_clock_converter_0
Adding component instance block -- xilinx.com:ip:xlslice:1.0 - reset_n
Adding component instance block -- xilinx.com:ip:axi_gpio:2.0 - finished
Adding component instance block -- xilinx.com:ip:xlslice:1.0 - enable
Adding component instance block -- xilinx.com:ip:axi_gpio:2.0 - enable_and_reset
Adding component instance block -- xilinx.com:ip:axi_gpio:2.0 - param_out_4_5
Adding component instance block -- xilinx.com:ip:axi_gpio:2.0 - param_out_2_3
Adding component instance block -- xilinx.com:ip:axi_gpio:2.0 - param_out_6_7
Adding component instance block -- xilinx.com:ip:axi_gpio:2.0 - param_out_0_1
Adding component instance block -- xilinx.com:ip:axi_gpio:2.0 - param_out_8_9
Adding component instance block -- xilinx.com:ip:axi_gpio:2.0 - param_in_0_1
Adding component instance block -- xilinx.com:module_ref:decimator:1.0 - decimator_0
Adding component instance block -- xilinx.com:module_ref:mux:1.0 - selector_data_in1
Adding component instance block -- xilinx.com:module_ref:linear_mean:1.0 - linear_mean_0
Adding component instance block -- xilinx.com:module_ref:fir_filter_wrapper:1.0 - fir_filter_wrapper_0
Adding component instance block -- xilinx.com:module_ref:mux:1.0 - selector_data_in
Adding component instance block -- pavel-demin:user:axis_constant:1.0 - axis_constant_0
Adding component instance block -- xilinx.com:ip:xlslice:1.0 - ref_sen
Adding component instance block -- xilinx.com:ip:dds_compiler:6.0 - dds_compiler_0
Adding component instance block -- xilinx.com:ip:xlslice:1.0 - ref_cos
Adding component instance block -- pavel-demin:user:axis_red_pitaya_dac:1.0 - axis_red_pitaya_dac_0
Adding component instance block -- xilinx.com:ip:dds_compiler:6.0 - dds_compiler_0
Adding component instance block -- xilinx.com:ip:clk_wiz:6.0 - clk_wiz_0
Adding component instance block -- pavel-demin:user:axis_constant:1.0 - axis_constant_0
Adding component instance block -- pavel-demin:user:axis_red_pitaya_adc:1.0 - axis_red_pitaya_adc_0
Adding component instance block -- xilinx.com:module_ref:signal_split:1.0 - signal_split_0
Successfully read diagram <system> from block design file <C:/Users/MatiOliva/Documents/04-RedPitaya/signal_processing_red_pitaya/signal_processing_red_pitaya.srcs/sources_1/bd/system/system.bd>
INFO: [BD 41-433] 
Design successfully migrated to use XCI files...
update_module_reference system_fir_filter_wrapper_0_0
INFO: [IP_Flow 19-5107] Inferred bus interface 'reset_n' of definition 'xilinx.com:signal:reset:1.0' (from Xilinx Repository).
INFO: [IP_Flow 19-5107] Inferred bus interface 'clk' of definition 'xilinx.com:signal:clock:1.0' (from Xilinx Repository).
WARNING: [IP_Flow 19-5661] Bus Interface 'clk' does not have any bus interfaces associated with it.
INFO: [IP_Flow 19-234] Refreshing IP repositories
WARNING: [IP_Flow 19-2248] Failed to load user IP repository 'c:/Users/MatiOliva/Documents/02-lockin_red_pitaya/hardware/lockin.srcs/user_ip'; Can't find the specified path.
If this directory should no longer be in your list of user repositories, go to the IP Settings dialog and remove it.
WARNING: [IP_Flow 19-2248] Failed to load user IP repository 'c:/Users/MatiOliva/Documents/02-lockin_red_pitaya/hardware/lockin.srcs/lu_tables'; Can't find the specified path.
If this directory should no longer be in your list of user repositories, go to the IP Settings dialog and remove it.
Upgrading 'C:/Users/MatiOliva/Documents/04-RedPitaya/signal_processing_red_pitaya/signal_processing_red_pitaya.srcs/sources_1/bd/system/system.bd'
INFO: [IP_Flow 19-3420] Updated system_fir_filter_wrapper_0_0 to use current project options
WARNING: [BD 41-597] NET <level_detector_0_level_detected_1> has no source
Wrote  : <C:\Users\MatiOliva\Documents\04-RedPitaya\signal_processing_red_pitaya\signal_processing_red_pitaya.srcs\sources_1\bd\system\system.bd> 
Wrote  : <C:/Users/MatiOliva/Documents/04-RedPitaya/signal_processing_red_pitaya/signal_processing_red_pitaya.srcs/sources_1/bd/system/ui/bd_c954508f.ui> 
set_property CONFIG.CLK_DOMAIN /data_source/DAC/clk_wiz_0_clk_out1 [get_bd_pins /data_source/DAC/axis_red_pitaya_dac_0/ddr_clk]
save_bd_design
WARNING: [BD 41-597] NET <level_detector_0_level_detected_1> has no source
Wrote  : <C:\Users\MatiOliva\Documents\04-RedPitaya\signal_processing_red_pitaya\signal_processing_red_pitaya.srcs\sources_1\bd\system\system.bd> 
Wrote  : <C:/Users/MatiOliva/Documents/04-RedPitaya/signal_processing_red_pitaya/signal_processing_red_pitaya.srcs/sources_1/bd/system/ui/bd_c954508f.ui> 
launch_runs impl_1 -to_step write_bitstream -jobs 2
WARNING: [#UNDEF] When using EMIO pins for SPI_0 tie SSIN High in the PL bitstream
INFO: [xilinx.com:ip:clk_wiz:6.0-1] /data_source/DAC/clk_wiz_0 clk_wiz propagate
CRITICAL WARNING: [BD 41-759] The input pins (listed below) are either not connected or do not have a source port, and they don't have a tie-off specified. These pins are tied-off to all 0's to avoid error in Implementation flow.
Please check your design and connect them as needed: 
/gpios_and_leds/drive_gpios_0/input_0
/gpios_and_leds/drive_gpios_0/input_1
/gpios_and_leds/drive_gpios_0/input_2
/gpios_and_leds/drive_gpios_0/input_3
/gpios_and_leds/drive_gpios_1/input_1
/gpios_and_leds/drive_gpios_1/input_2
/gpios_and_leds/drive_gpios_1/input_3
/gpios_and_leds/drive_leds_0/signal_1
/gpios_and_leds/drive_leds_0/signal_2
/gpios_and_leds/drive_leds_0/signal_3
/gpios_and_leds/drive_leds_0/signal_4
/gpios_and_leds/drive_leds_0/signal_5
/gpios_and_leds/drive_leds_0/signal_6
/gpios_and_leds/drive_leds_0/signal_7
/data_source/selector_data_in/finish_0
/data_source/selector_data_in/finish_1

WARNING: [BD 41-597] NET <level_detector_0_level_detected_1> has no source
Wrote  : <C:\Users\MatiOliva\Documents\04-RedPitaya\signal_processing_red_pitaya\signal_processing_red_pitaya.srcs\sources_1\bd\system\system.bd> 
Wrote  : <C:/Users/MatiOliva/Documents/04-RedPitaya/signal_processing_red_pitaya/signal_processing_red_pitaya.srcs/sources_1/bd/system/ui/bd_c954508f.ui> 
WARNING: [BD 41-166] Source port for the net:level_detector_0_level_detected_1 is NULL! Connection will be grounded!
CRITICAL WARNING: [BD 41-2383] Width mismatch when connecting input pin '/data_source/selector_data_in/data_in_1'(14) to pin '/data_source/ADC/data_ch1'(32) - Only lower order bits will be connected, and other input bits of this pin will be left unconnected.
Verilog Output written to : c:/Users/MatiOliva/Documents/04-RedPitaya/signal_processing_red_pitaya/signal_processing_red_pitaya.gen/sources_1/bd/system/synth/system.v
WARNING: [BD 41-166] Source port for the net:level_detector_0_level_detected_1 is NULL! Connection will be grounded!
CRITICAL WARNING: [BD 41-2383] Width mismatch when connecting input pin '/data_source/selector_data_in/data_in_1'(14) to pin '/data_source/ADC/data_ch1'(32) - Only lower order bits will be connected, and other input bits of this pin will be left unconnected.
Verilog Output written to : c:/Users/MatiOliva/Documents/04-RedPitaya/signal_processing_red_pitaya/signal_processing_red_pitaya.gen/sources_1/bd/system/sim/system.v
Verilog Output written to : c:/Users/MatiOliva/Documents/04-RedPitaya/signal_processing_red_pitaya/signal_processing_red_pitaya.gen/sources_1/bd/system/hdl/system_wrapper.v
INFO: [IP_Flow 19-5611] Unable to find an associated reset port for the interface 'M_AXI_GP0'. A default connection has been created.
INFO: [IP_Flow 19-5611] Unable to find an associated reset port for the interface 'S_AXI_HP0'. A default connection has been created.
INFO: [BD 41-1029] Generation completed for the IP Integrator block control/uP/processing_system7_0 .
INFO: [BD 41-1029] Generation completed for the IP Integrator block control/uP/rst_ps7_0_125M .
INFO: [BD 41-1029] Generation completed for the IP Integrator block control/uP/ps7_0_axi_periph/xbar .
INFO: [BD 41-1029] Generation completed for the IP Integrator block control/uP/fifo_1 .
INFO: [BD 41-1029] Generation completed for the IP Integrator block control/uP/axis_clock_converter_0 .
INFO: [BD 41-1029] Generation completed for the IP Integrator block procesamiento/fir_filter_wrapper_0 .
INFO: [BD 41-1029] Generation completed for the IP Integrator block control/uP/ps7_0_axi_periph/s00_couplers/auto_pc .
Exporting to file c:/Users/MatiOliva/Documents/04-RedPitaya/signal_processing_red_pitaya/signal_processing_red_pitaya.gen/sources_1/bd/system/hw_handoff/system.hwh
Generated Hardware Definition File c:/Users/MatiOliva/Documents/04-RedPitaya/signal_processing_red_pitaya/signal_processing_red_pitaya.gen/sources_1/bd/system/synth/system.hwdef
WARNING: [BD 41-2265] Clock pin for protocol instance pin S_AXIS could not be determined. Make sure that ASSOCIATED_BUSIF and ASSOCIATED_RESET properties are set or propagated on clock pins of block /data_source/ADC/signal_split_0
[Mon May 27 13:19:28 2024] Launched synth_1...
Run output will be captured here: C:/Users/MatiOliva/Documents/04-RedPitaya/signal_processing_red_pitaya/signal_processing_red_pitaya.runs/synth_1/runme.log
[Mon May 27 13:19:28 2024] Launched impl_1...
Run output will be captured here: C:/Users/MatiOliva/Documents/04-RedPitaya/signal_processing_red_pitaya/signal_processing_red_pitaya.runs/impl_1/runme.log
launch_runs: Time (s): cpu = 00:00:57 ; elapsed = 00:01:21 . Memory (MB): peak = 2771.816 ; gain = 73.277
report_timing_summary -delay_type min_max -report_unconstrained -check_timing_verbose -max_paths 200 -input_pins -routable_nets -name timing_3
INFO: [Timing 38-91] UpdateTimingParams: Speed grade: -1, Delay Type: min_max.
INFO: [Timing 38-191] Multithreading enabled for timing update using a maximum of 2 CPUs
WARNING: [Timing 38-436] There are set_bus_skew constraint(s) in this design. Please run report_bus_skew to ensure that bus skew requirements are met.
report_timing_summary -delay_type min_max -report_unconstrained -check_timing_verbose -max_paths 200 -input_pins -routable_nets -name timing_1
INFO: [Timing 38-91] UpdateTimingParams: Speed grade: -1, Delay Type: min_max.
INFO: [Timing 38-191] Multithreading enabled for timing update using a maximum of 2 CPUs
WARNING: [Timing 38-436] There are set_bus_skew constraint(s) in this design. Please run report_bus_skew to ensure that bus skew requirements are met.
refresh_design
Netlist sorting complete. Time (s): cpu = 00:00:00 ; elapsed = 00:00:00.293 . Memory (MB): peak = 2778.410 ; gain = 0.000
INFO: [Netlist 29-17] Analyzing 199 Unisim elements for replacement
INFO: [Netlist 29-28] Unisim Transformation completed in 0 CPU seconds
INFO: [Project 1-479] Netlist was created with Vivado 2022.2
INFO: [Project 1-570] Preparing netlist for logic optimization
INFO: [Timing 38-478] Restoring timing data from binary archive.
INFO: [Timing 38-479] Binary timing data restore complete.
INFO: [Project 1-856] Restoring constraints from binary archive.
INFO: [Project 1-853] Binary constraint restore complete.
Reading XDEF placement.
Reading placer database...
Reading XDEF routing.
Read XDEF Files: Time (s): cpu = 00:00:02 ; elapsed = 00:00:01 . Memory (MB): peak = 2783.363 ; gain = 0.000
Restored from archive | CPU: 2.000000 secs | Memory: 0.000000 MB |
Finished XDEF File Restore: Time (s): cpu = 00:00:02 ; elapsed = 00:00:01 . Memory (MB): peak = 2783.363 ; gain = 0.000
refresh_design: Time (s): cpu = 00:00:14 ; elapsed = 00:00:08 . Memory (MB): peak = 2783.363 ; gain = 11.547
WARNING: [Timing 38-436] There are set_bus_skew constraint(s) in this design. Please run report_bus_skew to ensure that bus skew requirements are met.
open_bd_design {C:/Users/MatiOliva/Documents/04-RedPitaya/signal_processing_red_pitaya/signal_processing_red_pitaya.srcs/sources_1/bd/system/system.bd}
WARNING: [IP_Flow 19-474] Invalid Parameter 'Component_Name'
set_property NAME sel_decimate_method [get_bd_pins /procesamiento/sel]
set_property NAME sel_data_source [get_bd_pins /data_source/sel]
save_bd_design
WARNING: [BD 41-597] NET <level_detector_0_level_detected_1> has no source
Wrote  : <C:\Users\MatiOliva\Documents\04-RedPitaya\signal_processing_red_pitaya\signal_processing_red_pitaya.srcs\sources_1\bd\system\system.bd> 
Wrote  : <C:/Users/MatiOliva/Documents/04-RedPitaya/signal_processing_red_pitaya/signal_processing_red_pitaya.srcs/sources_1/bd/system/ui/bd_c954508f.ui> 
exit
INFO: [Common 17-206] Exiting Vivado at Mon May 27 17:15:17 2024...
INFO: [filemgmt 56-326] User Interrupt. Could not getCurrentGraph()
INFO: [filemgmt 56-326] User Interrupt. Could not getCurrentGraph()
