Copyright 1986-2022 Xilinx, Inc. All Rights Reserved.
-------------------------------------------------------------------------------------------
| Tool Version : Vivado v.2022.2 (win64) Build 3671981 Fri Oct 14 05:00:03 MDT 2022
| Date         : Fri May 24 18:51:32 2024
| Host         : DESKTOP-BRUHM76 running 64-bit major release  (build 9200)
| Command      : report_control_sets -verbose -file system_wrapper_control_sets_placed.rpt
| Design       : system_wrapper
| Device       : xc7z010
-------------------------------------------------------------------------------------------

Control Set Information

Table of Contents
-----------------
1. Summary
2. Histogram
3. Flip-Flop Distribution
4. Detailed Control Set Information

1. Summary
----------

+----------------------------------------------------------+-------+
|                          Status                          | Count |
+----------------------------------------------------------+-------+
| Total control sets                                       |   135 |
|    Minimum number of control sets                        |   135 |
|    Addition due to synthesis replication                 |     0 |
|    Addition due to physical synthesis replication        |     0 |
| Unused register locations in slices containing registers |   345 |
+----------------------------------------------------------+-------+
* Control sets can be merged at opt_design using control_set_merge or merge_equivalent_drivers
** Run report_qor_suggestions for automated merging and remapping suggestions


2. Histogram
------------

+--------------------+-------+
|       Fanout       | Count |
+--------------------+-------+
| Total control sets |   135 |
| >= 0 to < 4        |     3 |
| >= 4 to < 6        |    28 |
| >= 6 to < 8        |     2 |
| >= 8 to < 10       |     8 |
| >= 10 to < 12      |     9 |
| >= 12 to < 14      |     5 |
| >= 14 to < 16      |     4 |
| >= 16              |    76 |
+--------------------+-------+
* Control sets can be remapped at either synth_design or opt_design


3. Flip-Flop Distribution
-------------------------

+--------------+-----------------------+------------------------+-----------------+--------------+
| Clock Enable | Synchronous Set/Reset | Asynchronous Set/Reset | Total Registers | Total Slices |
+--------------+-----------------------+------------------------+-----------------+--------------+
| No           | No                    | No                     |             392 |          111 |
| No           | No                    | Yes                    |               2 |            2 |
| No           | Yes                   | No                     |            1143 |          380 |
| Yes          | No                    | No                     |             758 |          213 |
| Yes          | No                    | Yes                    |             224 |           61 |
| Yes          | Yes                   | No                     |            1624 |          573 |
+--------------+-----------------------+------------------------+-----------------+--------------+


4. Detailed Control Set Information
-----------------------------------

+--------------------------------------------------------------+------------------------------------------------------------------------------------------------------------------------------------------------------------------------------+---------------------------------------------------------------------------------------------------------------------------------------------------------------------------------------------------------+------------------+----------------+--------------+
|                         Clock Signal                         |                                                                                 Enable Signal                                                                                |                                                                                             Set/Reset Signal                                                                                            | Slice Load Count | Bel Load Count | Bels / Slice |
+--------------------------------------------------------------+------------------------------------------------------------------------------------------------------------------------------------------------------------------------------+---------------------------------------------------------------------------------------------------------------------------------------------------------------------------------------------------------+------------------+----------------+--------------+
|  system_i/data_source/ADC/axis_red_pitaya_adc_0/inst/adc_clk |                                                                                                                                                                              | system_i/procesamiento/decimator/decimator_0/inst/data_out_reg[31]_i_2_n_0                                                                                                                              |                1 |              1 |         1.00 |
|  system_i/data_source/ADC/axis_red_pitaya_adc_0/inst/adc_clk |                                                                                                                                                                              | system_i/procesamiento/decimator/linear_mean_0/inst/data_out_reg[31]_i_2_n_0                                                                                                                            |                1 |              1 |         1.00 |
|  system_i/control/uP/processing_system7_0/inst/FCLK_CLK0     |                                                                                                                                                                              | system_i/control/uP/fifo_1/U0/COMP_IPIC2AXI_S/grxd.COMP_RX_FIFO/gfifo_gen.COMP_AXIS_FG_FIFO/COMP_FIFO/xpm_fifo_base_inst/xpm_fifo_rst_inst/rst_i                                                        |                1 |              3 |         3.00 |
|  system_i/control/uP/processing_system7_0/inst/FCLK_CLK0     | system_i/control/uP_control/param_out_0_1/U0/AXI_LITE_IPIF_I/I_SLAVE_ATTACHMENT/start2                                                                                       | system_i/control/uP_control/param_out_0_1/U0/AXI_LITE_IPIF_I/I_SLAVE_ATTACHMENT/I_DECODER/cs_ce_clr                                                                                                     |                1 |              4 |         4.00 |
|  system_i/control/uP/processing_system7_0/inst/FCLK_CLK0     | system_i/control/uP_control/param_out_6_7/U0/AXI_LITE_IPIF_I/I_SLAVE_ATTACHMENT/start2                                                                                       | system_i/control/uP_control/param_out_6_7/U0/AXI_LITE_IPIF_I/I_SLAVE_ATTACHMENT/I_DECODER/cs_ce_clr                                                                                                     |                1 |              4 |         4.00 |
|  system_i/control/uP/processing_system7_0/inst/FCLK_CLK0     |                                                                                                                                                                              | system_i/control/uP_control/param_out_6_7/U0/AXI_LITE_IPIF_I/I_SLAVE_ATTACHMENT/INCLUDE_DPHASE_TIMER.dpto_cnt0                                                                                          |                2 |              4 |         2.00 |
|  system_i/control/uP/processing_system7_0/inst/FCLK_CLK0     | system_i/control/uP_control/enable_and_reset/U0/AXI_LITE_IPIF_I/I_SLAVE_ATTACHMENT/bus2ip_addr_i[8]_i_1_n_0                                                                  | system_i/control/uP_control/enable_and_reset/U0/AXI_LITE_IPIF_I/I_SLAVE_ATTACHMENT/rst                                                                                                                  |                1 |              4 |         4.00 |
|  system_i/control/uP/processing_system7_0/inst/FCLK_CLK0     | system_i/control/uP_control/enable_and_reset/U0/AXI_LITE_IPIF_I/I_SLAVE_ATTACHMENT/start2                                                                                    | system_i/control/uP_control/enable_and_reset/U0/AXI_LITE_IPIF_I/I_SLAVE_ATTACHMENT/I_DECODER/cs_ce_clr                                                                                                  |                1 |              4 |         4.00 |
|  system_i/control/uP/processing_system7_0/inst/FCLK_CLK0     | system_i/control/uP_control/param_out_4_5/U0/AXI_LITE_IPIF_I/I_SLAVE_ATTACHMENT/bus2ip_addr_i[8]_i_1_n_0                                                                     | system_i/control/uP_control/param_out_4_5/U0/AXI_LITE_IPIF_I/I_SLAVE_ATTACHMENT/rst                                                                                                                     |                1 |              4 |         4.00 |
|  system_i/control/uP/processing_system7_0/inst/FCLK_CLK0     |                                                                                                                                                                              | system_i/control/uP_control/param_out_0_1/U0/AXI_LITE_IPIF_I/I_SLAVE_ATTACHMENT/INCLUDE_DPHASE_TIMER.dpto_cnt0                                                                                          |                2 |              4 |         2.00 |
|  system_i/control/uP/processing_system7_0/inst/FCLK_CLK0     | system_i/control/uP_control/param_in_0_1/U0/AXI_LITE_IPIF_I/I_SLAVE_ATTACHMENT/start2                                                                                        | system_i/control/uP_control/param_in_0_1/U0/AXI_LITE_IPIF_I/I_SLAVE_ATTACHMENT/I_DECODER/cs_ce_clr                                                                                                      |                1 |              4 |         4.00 |
|  system_i/control/uP/processing_system7_0/inst/FCLK_CLK0     |                                                                                                                                                                              | system_i/control/uP_control/param_out_4_5/U0/AXI_LITE_IPIF_I/I_SLAVE_ATTACHMENT/INCLUDE_DPHASE_TIMER.dpto_cnt0                                                                                          |                2 |              4 |         2.00 |
|  system_i/control/uP/processing_system7_0/inst/FCLK_CLK0     |                                                                                                                                                                              | system_i/control/uP_control/enable_and_reset/U0/AXI_LITE_IPIF_I/I_SLAVE_ATTACHMENT/INCLUDE_DPHASE_TIMER.dpto_cnt0                                                                                       |                3 |              4 |         1.33 |
|  system_i/control/uP/processing_system7_0/inst/FCLK_CLK0     | system_i/control/uP_control/param_in_0_1/U0/AXI_LITE_IPIF_I/I_SLAVE_ATTACHMENT/bus2ip_addr_i[8]_i_1_n_0                                                                      | system_i/control/uP_control/param_in_0_1/U0/AXI_LITE_IPIF_I/I_SLAVE_ATTACHMENT/rst                                                                                                                      |                1 |              4 |         4.00 |
|  system_i/control/uP/processing_system7_0/inst/FCLK_CLK0     | system_i/control/uP_control/param_out_2_3/U0/AXI_LITE_IPIF_I/I_SLAVE_ATTACHMENT/bus2ip_addr_i[8]_i_1_n_0                                                                     | system_i/control/uP_control/param_out_2_3/U0/AXI_LITE_IPIF_I/I_SLAVE_ATTACHMENT/rst                                                                                                                     |                1 |              4 |         4.00 |
|  system_i/control/uP/processing_system7_0/inst/FCLK_CLK0     |                                                                                                                                                                              | system_i/control/uP_control/param_out_2_3/U0/AXI_LITE_IPIF_I/I_SLAVE_ATTACHMENT/INCLUDE_DPHASE_TIMER.dpto_cnt0                                                                                          |                2 |              4 |         2.00 |
|  system_i/control/uP/processing_system7_0/inst/FCLK_CLK0     | system_i/control/uP_control/param_out_2_3/U0/AXI_LITE_IPIF_I/I_SLAVE_ATTACHMENT/start2                                                                                       | system_i/control/uP_control/param_out_2_3/U0/AXI_LITE_IPIF_I/I_SLAVE_ATTACHMENT/I_DECODER/cs_ce_clr                                                                                                     |                1 |              4 |         4.00 |
|  system_i/control/uP/processing_system7_0/inst/FCLK_CLK0     | system_i/control/uP_control/finished_RnM/U0/AXI_LITE_IPIF_I/I_SLAVE_ATTACHMENT/bus2ip_addr_i[8]_i_1_n_0                                                                      | system_i/control/uP_control/finished_RnM/U0/AXI_LITE_IPIF_I/I_SLAVE_ATTACHMENT/rst                                                                                                                      |                1 |              4 |         4.00 |
|  system_i/control/uP/processing_system7_0/inst/FCLK_CLK0     | system_i/control/uP_control/param_out_4_5/U0/AXI_LITE_IPIF_I/I_SLAVE_ATTACHMENT/start2                                                                                       | system_i/control/uP_control/param_out_4_5/U0/AXI_LITE_IPIF_I/I_SLAVE_ATTACHMENT/I_DECODER/cs_ce_clr                                                                                                     |                2 |              4 |         2.00 |
|  system_i/control/uP/processing_system7_0/inst/FCLK_CLK0     | system_i/control/uP_control/param_out_0_1/U0/AXI_LITE_IPIF_I/I_SLAVE_ATTACHMENT/bus2ip_addr_i[8]_i_1_n_0                                                                     | system_i/control/uP_control/param_out_0_1/U0/AXI_LITE_IPIF_I/I_SLAVE_ATTACHMENT/rst                                                                                                                     |                1 |              4 |         4.00 |
|  system_i/control/uP/processing_system7_0/inst/FCLK_CLK0     | system_i/control/uP_control/finished_RnM/U0/AXI_LITE_IPIF_I/I_SLAVE_ATTACHMENT/start2                                                                                        | system_i/control/uP_control/finished_RnM/U0/AXI_LITE_IPIF_I/I_SLAVE_ATTACHMENT/I_DECODER/cs_ce_clr                                                                                                      |                1 |              4 |         4.00 |
|  system_i/control/uP/processing_system7_0/inst/FCLK_CLK0     |                                                                                                                                                                              | system_i/control/uP_control/finished_RnM/U0/AXI_LITE_IPIF_I/I_SLAVE_ATTACHMENT/INCLUDE_DPHASE_TIMER.dpto_cnt0                                                                                           |                2 |              4 |         2.00 |
|  system_i/control/uP/processing_system7_0/inst/FCLK_CLK0     | system_i/control/uP_control/param_out_8_9/U0/AXI_LITE_IPIF_I/I_SLAVE_ATTACHMENT/bus2ip_addr_i[8]_i_1_n_0                                                                     | system_i/control/uP_control/param_out_8_9/U0/AXI_LITE_IPIF_I/I_SLAVE_ATTACHMENT/rst                                                                                                                     |                1 |              4 |         4.00 |
|  system_i/control/uP/processing_system7_0/inst/FCLK_CLK0     | system_i/control/uP_control/param_out_8_9/U0/AXI_LITE_IPIF_I/I_SLAVE_ATTACHMENT/start2                                                                                       | system_i/control/uP_control/param_out_8_9/U0/AXI_LITE_IPIF_I/I_SLAVE_ATTACHMENT/I_DECODER/cs_ce_clr                                                                                                     |                1 |              4 |         4.00 |
|  system_i/control/uP/processing_system7_0/inst/FCLK_CLK0     |                                                                                                                                                                              | system_i/control/uP_control/param_in_0_1/U0/AXI_LITE_IPIF_I/I_SLAVE_ATTACHMENT/INCLUDE_DPHASE_TIMER.dpto_cnt0                                                                                           |                1 |              4 |         4.00 |
|  system_i/control/uP/processing_system7_0/inst/FCLK_CLK0     | system_i/control/uP_control/param_out_6_7/U0/AXI_LITE_IPIF_I/I_SLAVE_ATTACHMENT/bus2ip_addr_i[8]_i_1_n_0                                                                     | system_i/control/uP_control/param_out_6_7/U0/AXI_LITE_IPIF_I/I_SLAVE_ATTACHMENT/rst                                                                                                                     |                2 |              4 |         2.00 |
|  system_i/control/uP/processing_system7_0/inst/FCLK_CLK0     |                                                                                                                                                                              | system_i/control/uP_control/param_out_8_9/U0/AXI_LITE_IPIF_I/I_SLAVE_ATTACHMENT/INCLUDE_DPHASE_TIMER.dpto_cnt0                                                                                          |                2 |              4 |         2.00 |
|  system_i/control/uP/processing_system7_0/inst/FCLK_CLK0     | system_i/control/uP/fifo_1/U0/COMP_IPIF/I_SLAVE_ATTACHMENT/start2_i_1_n_0                                                                                                    | system_i/control/uP/fifo_1/U0/COMP_IPIF/I_SLAVE_ATTACHMENT/rst                                                                                                                                          |                2 |              5 |         2.50 |
|  system_i/control/uP/processing_system7_0/inst/FCLK_CLK0     |                                                                                                                                                                              | system_i/control/uP/rst_ps7_0_125M/U0/EXT_LPF/lpf_int                                                                                                                                                   |                2 |              5 |         2.50 |
|  system_i/control/uP/processing_system7_0/inst/FCLK_CLK0     | system_i/control/uP/ps7_0_axi_periph/s00_couplers/auto_pc/inst/gen_axilite.gen_b2s_conv.axilite_b2s/RD.r_channel_0/transaction_fifo_0/E[0]                                   | system_i/control/uP/ps7_0_axi_periph/s00_couplers/auto_pc/inst/gen_axilite.gen_b2s_conv.axilite_b2s/areset_d1                                                                                           |                2 |              5 |         2.50 |
|  system_i/control/uP/processing_system7_0/inst/FCLK_CLK0     | system_i/control/uP/ps7_0_axi_periph/s00_couplers/auto_pc/inst/gen_axilite.gen_b2s_conv.axilite_b2s/RD.r_channel_0/transaction_fifo_0/cnt_read[4]_i_1_n_0                    | system_i/control/uP/ps7_0_axi_periph/s00_couplers/auto_pc/inst/gen_axilite.gen_b2s_conv.axilite_b2s/areset_d1                                                                                           |                2 |              5 |         2.50 |
|  system_i/control/uP/processing_system7_0/inst/FCLK_CLK0     | system_i/control/uP/rst_ps7_0_125M/U0/SEQ/seq_cnt_en                                                                                                                         | system_i/control/uP/rst_ps7_0_125M/U0/SEQ/SEQ_COUNTER/q_int[5]_i_1_n_0                                                                                                                                  |                2 |              6 |         3.00 |
|  system_i/data_source/ADC/axis_red_pitaya_adc_0/inst/adc_clk |                                                                                                                                                                              | system_i/control/uP/axis_clock_converter_0/inst/gen_async_conv.axisc_async_clock_converter_0/xpm_fifo_async_inst/gnuram_async_fifo.xpm_fifo_base_inst/xpm_fifo_rst_inst/wrst_busy                       |                2 |              6 |         3.00 |
|  system_i/control/uP/processing_system7_0/inst/FCLK_CLK0     |                                                                                                                                                                              | system_i/control/uP/fifo_1/U0/COMP_IPIF/I_SLAVE_ATTACHMENT/rst                                                                                                                                          |                5 |              8 |         1.60 |
|  system_i/control/uP/processing_system7_0/inst/FCLK_CLK0     |                                                                                                                                                                              | system_i/control/uP/ps7_0_axi_periph/s00_couplers/auto_pc/inst/gen_axilite.gen_b2s_conv.axilite_b2s/SI_REG/r.r_pipe/SR[0]                                                                               |                4 |              8 |         2.00 |
|  system_i/control/uP/processing_system7_0/inst/FCLK_CLK0     | system_i/control/uP/ps7_0_axi_periph/s00_couplers/auto_pc/inst/gen_axilite.gen_b2s_conv.axilite_b2s/WR.b_channel_0/bid_fifo_0/bresp_push                                     |                                                                                                                                                                                                         |                2 |              8 |         4.00 |
|  system_i/control/uP/processing_system7_0/inst/FCLK_CLK0     | system_i/control/uP/ps7_0_axi_periph/s00_couplers/auto_pc/inst/gen_axilite.gen_b2s_conv.axilite_b2s/WR.b_channel_0/mhandshake_r                                              | system_i/control/uP/ps7_0_axi_periph/s00_couplers/auto_pc/inst/gen_axilite.gen_b2s_conv.axilite_b2s/WR.b_channel_0/bid_fifo_0/SR[0]                                                                     |                3 |              8 |         2.67 |
|  system_i/control/uP/processing_system7_0/inst/FCLK_CLK0     | system_i/control/uP/ps7_0_axi_periph/s00_couplers/auto_pc/inst/gen_axilite.gen_b2s_conv.axilite_b2s/RD.ar_channel_0/cmd_translator_0/incr_cmd_0/axaddr_incr[8]_i_1__0_n_0    |                                                                                                                                                                                                         |                3 |              9 |         3.00 |
|  system_i/control/uP/processing_system7_0/inst/FCLK_CLK0     | system_i/control/uP/ps7_0_axi_periph/s00_couplers/auto_pc/inst/gen_axilite.gen_b2s_conv.axilite_b2s/SI_REG/aw.aw_pipe/m_valid_i_reg_1                                        |                                                                                                                                                                                                         |                2 |              9 |         4.50 |
|  system_i/control/uP/processing_system7_0/inst/FCLK_CLK0     | system_i/control/uP/ps7_0_axi_periph/s00_couplers/auto_pc/inst/gen_axilite.gen_b2s_conv.axilite_b2s/WR.aw_channel_0/aw_cmd_fsm_0/E[0]                                        |                                                                                                                                                                                                         |                4 |              9 |         2.25 |
|  system_i/control/uP/processing_system7_0/inst/FCLK_CLK0     | system_i/control/uP/ps7_0_axi_periph/s00_couplers/auto_pc/inst/gen_axilite.gen_b2s_conv.axilite_b2s/SI_REG/ar.ar_pipe/m_valid_i_reg_1                                        |                                                                                                                                                                                                         |                5 |              9 |         1.80 |
|  system_i/control/uP/processing_system7_0/inst/FCLK_CLK0     | system_i/control/uP/axis_clock_converter_0/inst/gen_async_conv.axisc_async_clock_converter_0/xpm_fifo_async_inst/gnuram_async_fifo.xpm_fifo_base_inst/rdp_inst/E[0]          | system_i/control/uP/axis_clock_converter_0/inst/gen_async_conv.axisc_async_clock_converter_0/xpm_fifo_async_inst/gnuram_async_fifo.xpm_fifo_base_inst/xpm_fifo_rst_inst/gen_rst_ic.fifo_rd_rst_ic_reg_0 |                4 |             10 |         2.50 |
|  system_i/control/uP/processing_system7_0/inst/FCLK_CLK0     |                                                                                                                                                                              | system_i/control/uP_control/param_out_6_7/U0/AXI_LITE_IPIF_I/I_SLAVE_ATTACHMENT/rst                                                                                                                     |                5 |             11 |         2.20 |
|  system_i/control/uP/processing_system7_0/inst/FCLK_CLK0     |                                                                                                                                                                              | system_i/control/uP_control/param_out_4_5/U0/AXI_LITE_IPIF_I/I_SLAVE_ATTACHMENT/rst                                                                                                                     |                4 |             11 |         2.75 |
|  system_i/control/uP/processing_system7_0/inst/FCLK_CLK0     |                                                                                                                                                                              | system_i/control/uP_control/param_out_0_1/U0/AXI_LITE_IPIF_I/I_SLAVE_ATTACHMENT/rst                                                                                                                     |                5 |             11 |         2.20 |
|  system_i/control/uP/processing_system7_0/inst/FCLK_CLK0     |                                                                                                                                                                              | system_i/control/uP_control/param_out_2_3/U0/AXI_LITE_IPIF_I/I_SLAVE_ATTACHMENT/rst                                                                                                                     |                5 |             11 |         2.20 |
|  system_i/control/uP/processing_system7_0/inst/FCLK_CLK0     |                                                                                                                                                                              | system_i/control/uP_control/finished_RnM/U0/AXI_LITE_IPIF_I/I_SLAVE_ATTACHMENT/rst                                                                                                                      |                5 |             11 |         2.20 |
|  system_i/control/uP/processing_system7_0/inst/FCLK_CLK0     |                                                                                                                                                                              | system_i/control/uP_control/enable_and_reset/U0/AXI_LITE_IPIF_I/I_SLAVE_ATTACHMENT/rst                                                                                                                  |                4 |             11 |         2.75 |
|  system_i/control/uP/processing_system7_0/inst/FCLK_CLK0     |                                                                                                                                                                              | system_i/control/uP_control/param_out_8_9/U0/AXI_LITE_IPIF_I/I_SLAVE_ATTACHMENT/rst                                                                                                                     |                5 |             11 |         2.20 |
|  system_i/control/uP/processing_system7_0/inst/FCLK_CLK0     |                                                                                                                                                                              | system_i/control/uP_control/param_in_0_1/U0/AXI_LITE_IPIF_I/I_SLAVE_ATTACHMENT/rst                                                                                                                      |                4 |             11 |         2.75 |
|  system_i/control/uP/processing_system7_0/inst/FCLK_CLK0     |                                                                                                                                                                              | system_i/control/uP/axis_clock_converter_0/inst/gen_async_conv.axisc_async_clock_converter_0/xpm_fifo_async_inst/gnuram_async_fifo.xpm_fifo_base_inst/xpm_fifo_rst_inst/gen_rst_ic.fifo_rd_rst_ic_reg_0 |                6 |             12 |         2.00 |
|  system_i/control/uP/processing_system7_0/inst/FCLK_CLK0     | system_i/control/uP/fifo_1/U0/COMP_IPIF/I_SLAVE_ATTACHMENT/I_DECODER/E[0]                                                                                                    | system_i/control/uP/fifo_1/U0/COMP_IPIC2AXI_S/sig_Bus2IP_Reset                                                                                                                                          |                4 |             13 |         3.25 |
|  system_i/control/uP/processing_system7_0/inst/FCLK_CLK0     | system_i/control/uP/fifo_1/U0/COMP_IPIF/I_SLAVE_ATTACHMENT/start2_reg_0                                                                                                      | system_i/control/uP/fifo_1/U0/COMP_IPIC2AXI_S/IP2Bus_WrAck_reg_1                                                                                                                                        |                4 |             13 |         3.25 |
|  system_i/control/uP/processing_system7_0/inst/FCLK_CLK0     | system_i/control/uP/ps7_0_axi_periph/s00_couplers/auto_pc/inst/gen_axilite.gen_b2s_conv.axilite_b2s/RD.r_channel_0/r_push_r                                                  |                                                                                                                                                                                                         |                4 |             13 |         3.25 |
|  system_i/control/uP/processing_system7_0/inst/FCLK_CLK0     |                                                                                                                                                                              | system_i/control/uP/fifo_1/U0/COMP_IPIC2AXI_S/sig_Bus2IP_Reset                                                                                                                                          |                7 |             13 |         1.86 |
|  system_i/control/uP/processing_system7_0/inst/FCLK_CLK0     | system_i/control/uP/ps7_0_axi_periph/s00_couplers/auto_pc/inst/gen_axilite.gen_b2s_conv.axilite_b2s/SI_REG/b.b_pipe/p_1_in                                                   |                                                                                                                                                                                                         |                7 |             14 |         2.00 |
|  system_i/control/uP/processing_system7_0/inst/FCLK_CLK0     | system_i/control/uP/ps7_0_axi_periph/s00_couplers/auto_pc/inst/gen_axilite.gen_b2s_conv.axilite_b2s/SI_REG/b.b_pipe/s_ready_i_reg_0                                          |                                                                                                                                                                                                         |                5 |             14 |         2.80 |
|  system_i/control/uP/processing_system7_0/inst/FCLK_CLK0     |                                                                                                                                                                              | system_i/control/uP/ps7_0_axi_periph/s00_couplers/auto_pc/inst/gen_axilite.gen_b2s_conv.axilite_b2s/areset_d1                                                                                           |                8 |             14 |         1.75 |
|  system_i/data_source/ADC/axis_red_pitaya_adc_0/inst/adc_clk | system_i/control/uP/axis_clock_converter_0/inst/gen_async_conv.axisc_async_clock_converter_0/xpm_fifo_async_inst/gnuram_async_fifo.xpm_fifo_base_inst/rst_d1_inst/E[0]       | system_i/control/uP/axis_clock_converter_0/inst/gen_async_conv.axisc_async_clock_converter_0/xpm_fifo_async_inst/gnuram_async_fifo.xpm_fifo_base_inst/xpm_fifo_rst_inst/wrst_busy                       |                7 |             15 |         2.14 |
|  system_i/control/uP/processing_system7_0/inst/FCLK_CLK0     |                                                                                                                                                                              | system_i/control/uP/ps7_0_axi_periph/xbar/inst/gen_sasd.crossbar_sasd_0/addr_arbiter_inst/SR[0]                                                                                                         |                8 |             18 |         2.25 |
|  system_i/control/uP/processing_system7_0/inst/FCLK_CLK0     | system_i/control/uP/fifo_1/U0/COMP_IPIC2AXI_S/grxd.COMP_RX_FIFO/gfifo_gen.COMP_AXIS_FG_FIFO/COMP_FIFO/xpm_fifo_base_inst/rdp_inst/FSM_onehot_gen_fwft.curr_fwft_state_reg[3] | system_i/control/uP/fifo_1/U0/COMP_IPIC2AXI_S/grxd.COMP_RX_FIFO/gfifo_gen.COMP_AXIS_FG_FIFO/COMP_FIFO/xpm_fifo_base_inst/xpm_fifo_rst_inst/Q[0]                                                         |                7 |             19 |         2.71 |
|  system_i/control/uP/processing_system7_0/inst/FCLK_CLK0     | system_i/control/uP/fifo_1/U0/COMP_IPIC2AXI_S/grxd.COMP_RX_FIFO/gfifo_gen.COMP_AXIS_FG_FIFO/COMP_FIFO/xpm_fifo_base_inst/xpm_fifo_rst_inst/ram_wr_en_pf                      | system_i/control/uP/fifo_1/U0/COMP_IPIC2AXI_S/grxd.COMP_RX_FIFO/gfifo_gen.COMP_AXIS_FG_FIFO/COMP_FIFO/xpm_fifo_base_inst/xpm_fifo_rst_inst/Q[0]                                                         |                7 |             19 |         2.71 |
|  system_i/control/uP/processing_system7_0/inst/FCLK_CLK0     | system_i/control/uP/ps7_0_axi_periph/xbar/inst/gen_sasd.crossbar_sasd_0/addr_arbiter_inst/p_0_in1_in                                                                         | system_i/control/uP/ps7_0_axi_periph/xbar/inst/gen_sasd.crossbar_sasd_0/addr_arbiter_inst/SR[0]                                                                                                         |                9 |             21 |         2.33 |
|  system_i/control/uP/processing_system7_0/inst/FCLK_CLK0     | system_i/control/uP/ps7_0_axi_periph/s00_couplers/auto_pc/inst/gen_axilite.gen_b2s_conv.axilite_b2s/RD.ar_channel_0/ar_cmd_fsm_0/E[0]                                        |                                                                                                                                                                                                         |                9 |             23 |         2.56 |
|  system_i/control/uP/processing_system7_0/inst/FCLK_CLK0     | system_i/control/uP/ps7_0_axi_periph/s00_couplers/auto_pc/inst/gen_axilite.gen_b2s_conv.axilite_b2s/WR.aw_channel_0/aw_cmd_fsm_0/FSM_onehot_state_reg[1]_0[0]                |                                                                                                                                                                                                         |                9 |             23 |         2.56 |
|  system_i/data_source/ADC/axis_red_pitaya_adc_0/inst/adc_clk |                                                                                                                                                                              | system_i/data_source/DAC/axis_red_pitaya_dac_0/inst/int_rst_reg_i_1_n_0                                                                                                                                 |                9 |             28 |         3.11 |
|  system_i/control/uP/processing_system7_0/inst/FCLK_CLK0     |                                                                                                                                                                              | system_i/control/uP_control/finished_RnM/U0/AXI_LITE_IPIF_I/I_SLAVE_ATTACHMENT/I_DECODER/bus2ip_rnw_i_reg                                                                                               |               10 |             32 |         3.20 |
|  system_i/control/uP/processing_system7_0/inst/FCLK_CLK0     | system_i/control/uP_control/param_out_8_9/U0/AXI_LITE_IPIF_I/I_SLAVE_ATTACHMENT/I_DECODER/E[0]                                                                               | system_i/control/uP_control/param_out_8_9/U0/bus2ip_reset                                                                                                                                               |                9 |             32 |         3.56 |
|  system_i/control/uP/processing_system7_0/inst/FCLK_CLK0     | system_i/control/uP_control/param_out_8_9/U0/AXI_LITE_IPIF_I/I_SLAVE_ATTACHMENT/I_DECODER/bus2ip_rnw_i_reg[0]                                                                | system_i/control/uP_control/param_out_8_9/U0/bus2ip_reset                                                                                                                                               |                9 |             32 |         3.56 |
|  system_i/control/uP/processing_system7_0/inst/FCLK_CLK0     | system_i/control/uP_control/param_in_0_1/U0/AXI_LITE_IPIF_I/I_SLAVE_ATTACHMENT/s_axi_rresp_i                                                                                 | system_i/control/uP_control/param_in_0_1/U0/AXI_LITE_IPIF_I/I_SLAVE_ATTACHMENT/rst                                                                                                                      |                7 |             32 |         4.57 |
|  system_i/control/uP/processing_system7_0/inst/FCLK_CLK0     | system_i/control/uP_control/param_in_0_1/U0/AXI_LITE_IPIF_I/I_SLAVE_ATTACHMENT/I_DECODER/bus2ip_rnw_i_reg[0]                                                                 | system_i/control/uP_control/param_in_0_1/U0/bus2ip_reset                                                                                                                                                |               11 |             32 |         2.91 |
|  system_i/control/uP/processing_system7_0/inst/FCLK_CLK0     | system_i/control/uP/axis_clock_converter_0/inst/gen_async_conv.axisc_async_clock_converter_0/xpm_fifo_async_inst/gnuram_async_fifo.xpm_fifo_base_inst/rdp_inst/E[0]          |                                                                                                                                                                                                         |                4 |             32 |         8.00 |
|  system_i/control/uP/processing_system7_0/inst/FCLK_CLK0     | system_i/control/uP_control/param_out_6_7/U0/AXI_LITE_IPIF_I/I_SLAVE_ATTACHMENT/s_axi_rresp_i                                                                                | system_i/control/uP_control/param_out_6_7/U0/AXI_LITE_IPIF_I/I_SLAVE_ATTACHMENT/rst                                                                                                                     |               12 |             32 |         2.67 |
|  system_i/control/uP/processing_system7_0/inst/FCLK_CLK0     | system_i/control/uP/axis_clock_converter_0/inst/gen_async_conv.axisc_async_clock_converter_0/xpm_fifo_async_inst/gnuram_async_fifo.xpm_fifo_base_inst/gen_fwft.ram_regout_en | system_i/control/uP/axis_clock_converter_0/inst/gen_async_conv.axisc_async_clock_converter_0/xpm_fifo_async_inst/gnuram_async_fifo.xpm_fifo_base_inst/xpm_fifo_rst_inst/gen_rst_ic.fifo_rd_rst_ic_reg_0 |                7 |             32 |         4.57 |
|  system_i/control/uP/processing_system7_0/inst/FCLK_CLK0     | system_i/control/uP_control/param_out_6_7/U0/AXI_LITE_IPIF_I/I_SLAVE_ATTACHMENT/I_DECODER/E[0]                                                                               | system_i/control/uP_control/param_out_6_7/U0/bus2ip_reset                                                                                                                                               |                9 |             32 |         3.56 |
|  system_i/control/uP/processing_system7_0/inst/FCLK_CLK0     | system_i/control/uP_control/param_out_6_7/U0/AXI_LITE_IPIF_I/I_SLAVE_ATTACHMENT/I_DECODER/bus2ip_rnw_i_reg[0]                                                                | system_i/control/uP_control/param_out_6_7/U0/bus2ip_reset                                                                                                                                               |               12 |             32 |         2.67 |
|  system_i/control/uP/processing_system7_0/inst/FCLK_CLK0     | system_i/control/uP_control/param_out_0_1/U0/AXI_LITE_IPIF_I/I_SLAVE_ATTACHMENT/I_DECODER/E[0]                                                                               | system_i/control/uP_control/param_out_0_1/U0/bus2ip_reset                                                                                                                                               |                9 |             32 |         3.56 |
|  system_i/control/uP/processing_system7_0/inst/FCLK_CLK0     | system_i/control/uP_control/param_out_0_1/U0/AXI_LITE_IPIF_I/I_SLAVE_ATTACHMENT/I_DECODER/bus2ip_rnw_i_reg[0]                                                                | system_i/control/uP_control/param_out_0_1/U0/bus2ip_reset                                                                                                                                               |               12 |             32 |         2.67 |
|  system_i/control/uP/processing_system7_0/inst/FCLK_CLK0     | system_i/control/uP_control/enable_and_reset/U0/AXI_LITE_IPIF_I/I_SLAVE_ATTACHMENT/I_DECODER/E[0]                                                                            | system_i/control/uP_control/enable_and_reset/U0/bus2ip_reset                                                                                                                                            |                7 |             32 |         4.57 |
|  system_i/control/uP/processing_system7_0/inst/FCLK_CLK0     | system_i/control/uP_control/param_out_4_5/U0/AXI_LITE_IPIF_I/I_SLAVE_ATTACHMENT/I_DECODER/E[0]                                                                               | system_i/control/uP_control/param_out_4_5/U0/bus2ip_reset                                                                                                                                               |               11 |             32 |         2.91 |
|  system_i/control/uP/processing_system7_0/inst/FCLK_CLK0     | system_i/control/uP_control/param_out_4_5/U0/AXI_LITE_IPIF_I/I_SLAVE_ATTACHMENT/I_DECODER/bus2ip_rnw_i_reg[0]                                                                | system_i/control/uP_control/param_out_4_5/U0/bus2ip_reset                                                                                                                                               |               10 |             32 |         3.20 |
|  system_i/control/uP/processing_system7_0/inst/FCLK_CLK0     | system_i/control/uP_control/enable_and_reset/U0/AXI_LITE_IPIF_I/I_SLAVE_ATTACHMENT/s_axi_rresp_i                                                                             | system_i/control/uP_control/enable_and_reset/U0/AXI_LITE_IPIF_I/I_SLAVE_ATTACHMENT/rst                                                                                                                  |               12 |             32 |         2.67 |
|  system_i/control/uP/processing_system7_0/inst/FCLK_CLK0     | system_i/control/uP_control/enable_and_reset/U0/AXI_LITE_IPIF_I/I_SLAVE_ATTACHMENT/I_DECODER/bus2ip_rnw_i_reg_0[0]                                                           | system_i/control/uP_control/enable_and_reset/U0/bus2ip_reset                                                                                                                                            |                8 |             32 |         4.00 |
|  system_i/control/uP/processing_system7_0/inst/FCLK_CLK0     | system_i/control/uP_control/param_out_4_5/U0/AXI_LITE_IPIF_I/I_SLAVE_ATTACHMENT/s_axi_rresp_i                                                                                | system_i/control/uP_control/param_out_4_5/U0/AXI_LITE_IPIF_I/I_SLAVE_ATTACHMENT/rst                                                                                                                     |                8 |             32 |         4.00 |
|  system_i/control/uP/processing_system7_0/inst/FCLK_CLK0     | system_i/control/uP_control/param_out_2_3/U0/AXI_LITE_IPIF_I/I_SLAVE_ATTACHMENT/I_DECODER/bus2ip_rnw_i_reg[0]                                                                | system_i/control/uP_control/param_out_2_3/U0/bus2ip_reset                                                                                                                                               |                6 |             32 |         5.33 |
|  system_i/control/uP/processing_system7_0/inst/FCLK_CLK0     | system_i/control/uP_control/param_out_2_3/U0/AXI_LITE_IPIF_I/I_SLAVE_ATTACHMENT/I_DECODER/E[0]                                                                               | system_i/control/uP_control/param_out_2_3/U0/bus2ip_reset                                                                                                                                               |                7 |             32 |         4.57 |
|  system_i/control/uP/processing_system7_0/inst/FCLK_CLK0     | system_i/control/uP_control/enable_and_reset/U0/AXI_LITE_IPIF_I/I_SLAVE_ATTACHMENT/I_DECODER/bus2ip_rnw_i_reg_1[0]                                                           | system_i/control/uP_control/enable_and_reset/U0/bus2ip_reset                                                                                                                                            |                7 |             32 |         4.57 |
|  system_i/control/uP/processing_system7_0/inst/FCLK_CLK0     | system_i/control/uP_control/param_out_0_1/U0/AXI_LITE_IPIF_I/I_SLAVE_ATTACHMENT/s_axi_rresp_i                                                                                | system_i/control/uP_control/param_out_0_1/U0/AXI_LITE_IPIF_I/I_SLAVE_ATTACHMENT/rst                                                                                                                     |                9 |             32 |         3.56 |
|  system_i/control/uP/processing_system7_0/inst/FCLK_CLK0     | system_i/control/uP_control/enable_and_reset/U0/AXI_LITE_IPIF_I/I_SLAVE_ATTACHMENT/I_DECODER/bus2ip_rnw_i_reg[0]                                                             | system_i/control/uP_control/enable_and_reset/U0/bus2ip_reset                                                                                                                                            |               11 |             32 |         2.91 |
|  system_i/control/uP/processing_system7_0/inst/FCLK_CLK0     | system_i/control/uP_control/param_out_2_3/U0/AXI_LITE_IPIF_I/I_SLAVE_ATTACHMENT/s_axi_rresp_i                                                                                | system_i/control/uP_control/param_out_2_3/U0/AXI_LITE_IPIF_I/I_SLAVE_ATTACHMENT/rst                                                                                                                     |               10 |             32 |         3.20 |
|  system_i/control/uP/processing_system7_0/inst/FCLK_CLK0     | system_i/control/uP_control/finished_RnM/U0/AXI_LITE_IPIF_I/I_SLAVE_ATTACHMENT/I_DECODER/E[0]                                                                                | system_i/control/uP_control/finished_RnM/U0/bus2ip_reset                                                                                                                                                |                7 |             32 |         4.57 |
|  system_i/control/uP/processing_system7_0/inst/FCLK_CLK0     | system_i/control/uP_control/param_out_8_9/U0/AXI_LITE_IPIF_I/I_SLAVE_ATTACHMENT/s_axi_rresp_i                                                                                | system_i/control/uP_control/param_out_8_9/U0/AXI_LITE_IPIF_I/I_SLAVE_ATTACHMENT/rst                                                                                                                     |               10 |             32 |         3.20 |
|  system_i/control/uP/processing_system7_0/inst/FCLK_CLK0     | system_i/control/uP_control/finished_RnM/U0/AXI_LITE_IPIF_I/I_SLAVE_ATTACHMENT/s_axi_rresp_i                                                                                 | system_i/control/uP_control/finished_RnM/U0/AXI_LITE_IPIF_I/I_SLAVE_ATTACHMENT/rst                                                                                                                      |               10 |             32 |         3.20 |
|  system_i/control/uP/processing_system7_0/inst/FCLK_CLK0     | system_i/control/uP_control/param_in_0_1/U0/AXI_LITE_IPIF_I/I_SLAVE_ATTACHMENT/I_DECODER/E[0]                                                                                | system_i/control/uP_control/param_in_0_1/U0/bus2ip_reset                                                                                                                                                |               10 |             32 |         3.20 |
|  system_i/data_source/ADC/axis_red_pitaya_adc_0/inst/adc_clk | system_i/procesamiento/decimator/linear_mean_0/inst/counter_data[31]_i_1_n_0                                                                                                 | system_i/procesamiento/decimator/linear_mean_0/inst/data_out_reg[31]_i_2_n_0                                                                                                                            |                9 |             32 |         3.56 |
|  system_i/data_source/ADC/axis_red_pitaya_adc_0/inst/adc_clk | system_i/procesamiento/decimator/linear_mean_0/inst/data_out_reg[31]_i_1_n_0                                                                                                 | system_i/procesamiento/decimator/linear_mean_0/inst/data_out_reg[31]_i_2_n_0                                                                                                                            |                6 |             32 |         5.33 |
|  system_i/data_source/ADC/axis_red_pitaya_adc_0/inst/adc_clk | system_i/procesamiento/decimator/decimator_0/inst/counter_0                                                                                                                  | system_i/procesamiento/decimator/decimator_0/inst/data_out_reg[31]_i_2_n_0                                                                                                                              |               12 |             32 |         2.67 |
|  system_i/data_source/ADC/axis_red_pitaya_adc_0/inst/adc_clk | system_i/procesamiento/decimator/decimator_0/inst/data_out_reg[31]_i_1_n_0                                                                                                   | system_i/procesamiento/decimator/decimator_0/inst/data_out_reg[31]_i_2_n_0                                                                                                                              |                7 |             32 |         4.57 |
|  system_i/data_source/ADC/axis_red_pitaya_adc_0/inst/adc_clk | system_i/procesamiento/decimator/decimator_0/inst/counter_data[31]_i_1_n_0                                                                                                   | system_i/procesamiento/decimator/decimator_0/inst/data_out_reg[31]_i_2_n_0                                                                                                                              |                9 |             32 |         3.56 |
|  system_i/control/uP/processing_system7_0/inst/FCLK_CLK0     | system_i/control/uP/ps7_0_axi_periph/xbar/inst/gen_sasd.crossbar_sasd_0/reg_slice_r/aa_rready                                                                                |                                                                                                                                                                                                         |                8 |             33 |         4.12 |
|  system_i/control/uP/processing_system7_0/inst/FCLK_CLK0     |                                                                                                                                                                              | system_i/control/uP/fifo_1/U0/COMP_IPIF/I_SLAVE_ATTACHMENT/I_DECODER/SR[0]                                                                                                                              |               10 |             33 |         3.30 |
|  system_i/control/uP/processing_system7_0/inst/FCLK_CLK0     | system_i/control/uP/fifo_1/U0/COMP_IPIF/I_SLAVE_ATTACHMENT/s_axi_rresp_i                                                                                                     | system_i/control/uP/fifo_1/U0/COMP_IPIF/I_SLAVE_ATTACHMENT/rst                                                                                                                                          |                9 |             33 |         3.67 |
|  system_i/control/uP/processing_system7_0/inst/FCLK_CLK0     | system_i/control/uP/ps7_0_axi_periph/s00_couplers/auto_pc/inst/gen_axilite.gen_b2s_conv.axilite_b2s/RD.r_channel_0/rd_data_fifo_0/wr_en0                                     |                                                                                                                                                                                                         |                9 |             34 |         3.78 |
|  system_i/data_source/ADC/axis_red_pitaya_adc_0/inst/adc_clk |                                                                                                                                                                              |                                                                                                                                                                                                         |               12 |             35 |         2.92 |
|  system_i/control/uP/processing_system7_0/inst/FCLK_CLK0     | system_i/control/uP/ps7_0_axi_periph/xbar/inst/gen_sasd.crossbar_sasd_0/addr_arbiter_inst/E[0]                                                                               |                                                                                                                                                                                                         |               10 |             35 |         3.50 |
|  system_i/control/uP/processing_system7_0/inst/FCLK_CLK0     |                                                                                                                                                                              | system_i/control/uP_control/enable_and_reset/U0/bus2ip_reset                                                                                                                                            |               19 |             36 |         1.89 |
|  system_i/control/uP/processing_system7_0/inst/FCLK_CLK0     |                                                                                                                                                                              | system_i/control/uP_control/param_out_0_1/U0/bus2ip_reset                                                                                                                                               |               11 |             36 |         3.27 |
|  system_i/control/uP/processing_system7_0/inst/FCLK_CLK0     |                                                                                                                                                                              | system_i/control/uP_control/param_out_8_9/U0/bus2ip_reset                                                                                                                                               |               12 |             36 |         3.00 |
|  system_i/control/uP/processing_system7_0/inst/FCLK_CLK0     |                                                                                                                                                                              | system_i/control/uP_control/param_out_2_3/U0/bus2ip_reset                                                                                                                                               |               15 |             36 |         2.40 |
|  system_i/control/uP/processing_system7_0/inst/FCLK_CLK0     |                                                                                                                                                                              | system_i/control/uP_control/finished_RnM/U0/bus2ip_reset                                                                                                                                                |               11 |             36 |         3.27 |
|  system_i/control/uP/processing_system7_0/inst/FCLK_CLK0     |                                                                                                                                                                              | system_i/control/uP_control/param_out_4_5/U0/bus2ip_reset                                                                                                                                               |               11 |             36 |         3.27 |
|  system_i/control/uP/processing_system7_0/inst/FCLK_CLK0     |                                                                                                                                                                              | system_i/control/uP_control/param_out_6_7/U0/bus2ip_reset                                                                                                                                               |               13 |             36 |         2.77 |
|  system_i/control/uP/processing_system7_0/inst/FCLK_CLK0     |                                                                                                                                                                              | system_i/control/uP_control/param_in_0_1/U0/bus2ip_reset                                                                                                                                                |               13 |             36 |         2.77 |
|  system_i/control/uP/processing_system7_0/inst/FCLK_CLK0     |                                                                                                                                                                              | system_i/control/uP/fifo_1/U0/COMP_IPIC2AXI_S/grxd.COMP_RX_FIFO/gfifo_gen.COMP_AXIS_FG_FIFO/COMP_FIFO/xpm_fifo_base_inst/xpm_fifo_rst_inst/Q[0]                                                         |               16 |             43 |         2.69 |
|  system_i/data_source/ADC/axis_red_pitaya_adc_0/inst/adc_clk | system_i/control/uP/axis_clock_converter_0/inst/gen_async_conv.axisc_async_clock_converter_0/xpm_fifo_async_inst/gnuram_async_fifo.xpm_fifo_base_inst/rst_d1_inst/E[0]       |                                                                                                                                                                                                         |                6 |             44 |         7.33 |
|  system_i/control/uP/processing_system7_0/inst/FCLK_CLK0     | system_i/control/uP/ps7_0_axi_periph/s00_couplers/auto_pc/inst/gen_axilite.gen_b2s_conv.axilite_b2s/SI_REG/ar.ar_pipe/s_ready_i_reg_0                                        |                                                                                                                                                                                                         |               11 |             45 |         4.09 |
|  system_i/control/uP/processing_system7_0/inst/FCLK_CLK0     | system_i/control/uP/ps7_0_axi_periph/s00_couplers/auto_pc/inst/gen_axilite.gen_b2s_conv.axilite_b2s/SI_REG/aw.aw_pipe/s_ready_i_reg_0                                        |                                                                                                                                                                                                         |                8 |             45 |         5.62 |
|  system_i/control/uP/processing_system7_0/inst/FCLK_CLK0     | system_i/control/uP/ps7_0_axi_periph/s00_couplers/auto_pc/inst/gen_axilite.gen_b2s_conv.axilite_b2s/RD.ar_channel_0/ar_cmd_fsm_0/FSM_onehot_state_reg[0]_0[0]                |                                                                                                                                                                                                         |               14 |             45 |         3.21 |
|  system_i/control/uP/processing_system7_0/inst/FCLK_CLK0     | system_i/control/uP/ps7_0_axi_periph/s00_couplers/auto_pc/inst/gen_axilite.gen_b2s_conv.axilite_b2s/WR.aw_channel_0/aw_cmd_fsm_0/m_valid_i_reg[0]                            |                                                                                                                                                                                                         |               12 |             45 |         3.75 |
|  system_i/control/uP/processing_system7_0/inst/FCLK_CLK0     | system_i/control/uP/ps7_0_axi_periph/s00_couplers/auto_pc/inst/gen_axilite.gen_b2s_conv.axilite_b2s/SI_REG/r.r_pipe/p_1_in                                                   |                                                                                                                                                                                                         |               14 |             47 |         3.36 |
|  system_i/control/uP/processing_system7_0/inst/FCLK_CLK0     | system_i/control/uP/ps7_0_axi_periph/s00_couplers/auto_pc/inst/gen_axilite.gen_b2s_conv.axilite_b2s/SI_REG/r.r_pipe/s_ready_i_reg_0                                          |                                                                                                                                                                                                         |                9 |             47 |         5.22 |
|  system_i/data_source/ADC/axis_red_pitaya_adc_0/inst/adc_clk | system_i/control/uP_control/enable_and_reset/U0/gpio_core_1/Dual.gpio2_Data_Out_reg[0]_0[0]                                                                                  | system_i/data_source/DAC/dds_compiler_0/U0/i_synth/sclr_i                                                                                                                                               |               11 |             54 |         4.91 |
|  system_i/data_source/ADC/axis_red_pitaya_adc_0/inst/adc_clk | system_i/control/uP_control/enable_and_reset/U0/gpio_core_1/Dual.gpio2_Data_Out_reg[0]_0[0]                                                                                  | system_i/data_source/generador_sinusoidal/dds_compiler_0/U0/i_synth/sclr_i                                                                                                                              |               12 |             54 |         4.50 |
|  system_i/control/uP/processing_system7_0/inst/FCLK_CLK0     |                                                                                                                                                                              | system_i/control/uP_control/param_out_8_9/U0/AXI_LITE_IPIF_I/I_SLAVE_ATTACHMENT/I_DECODER/bus2ip_rnw_i_reg_0                                                                                            |               11 |             64 |         5.82 |
|  system_i/control/uP/processing_system7_0/inst/FCLK_CLK0     |                                                                                                                                                                              | system_i/control/uP_control/param_in_0_1/U0/AXI_LITE_IPIF_I/I_SLAVE_ATTACHMENT/I_DECODER/bus2ip_rnw_i_reg_0                                                                                             |               20 |             64 |         3.20 |
|  system_i/control/uP/processing_system7_0/inst/FCLK_CLK0     |                                                                                                                                                                              | system_i/control/uP_control/param_out_2_3/U0/AXI_LITE_IPIF_I/I_SLAVE_ATTACHMENT/I_DECODER/bus2ip_rnw_i_reg_0                                                                                            |               13 |             64 |         4.92 |
|  system_i/control/uP/processing_system7_0/inst/FCLK_CLK0     | system_i/control/uP/ps7_0_axi_periph/s00_couplers/auto_pc/inst/gen_axilite.gen_b2s_conv.axilite_b2s/WR.aw_channel_0/aw_cmd_fsm_0/FSM_onehot_state_reg[0]_0                   |                                                                                                                                                                                                         |               18 |             64 |         3.56 |
|  system_i/control/uP/processing_system7_0/inst/FCLK_CLK0     |                                                                                                                                                                              | system_i/control/uP_control/param_out_4_5/U0/AXI_LITE_IPIF_I/I_SLAVE_ATTACHMENT/I_DECODER/bus2ip_rnw_i_reg_0                                                                                            |               15 |             64 |         4.27 |
|  system_i/control/uP/processing_system7_0/inst/FCLK_CLK0     |                                                                                                                                                                              | system_i/control/uP_control/param_out_0_1/U0/AXI_LITE_IPIF_I/I_SLAVE_ATTACHMENT/I_DECODER/bus2ip_rnw_i_reg_0                                                                                            |               17 |             64 |         3.76 |
|  system_i/control/uP/processing_system7_0/inst/FCLK_CLK0     |                                                                                                                                                                              | system_i/control/uP_control/param_out_6_7/U0/AXI_LITE_IPIF_I/I_SLAVE_ATTACHMENT/I_DECODER/bus2ip_rnw_i_reg_0                                                                                            |               18 |             64 |         3.56 |
|  system_i/data_source/ADC/axis_red_pitaya_adc_0/inst/adc_clk | system_i/procesamiento/decimator/linear_mean_0/inst/counter_0                                                                                                                | system_i/procesamiento/decimator/linear_mean_0/inst/data_out_reg[31]_i_2_n_0                                                                                                                            |               18 |             64 |         3.56 |
|  system_i/control/uP/processing_system7_0/inst/FCLK_CLK0     |                                                                                                                                                                              | system_i/control/uP_control/enable_and_reset/U0/AXI_LITE_IPIF_I/I_SLAVE_ATTACHMENT/I_DECODER/bus2ip_rnw_i_reg_2                                                                                         |               40 |            128 |         3.20 |
|  system_i/data_source/ADC/axis_red_pitaya_adc_0/inst/adc_clk | system_i/control/uP_control/enable_and_reset/U0/gpio_core_1/Dual.gpio2_Data_Out_reg[0]_0[0]                                                                                  |                                                                                                                                                                                                         |               59 |            202 |         3.42 |
|  system_i/control/uP/processing_system7_0/inst/FCLK_CLK0     |                                                                                                                                                                              |                                                                                                                                                                                                         |              100 |            358 |         3.58 |
|  system_i/data_source/ADC/axis_red_pitaya_adc_0/inst/adc_clk | system_i/procesamiento/fir_filter_wrapper_0/inst/filtro_fir/CEB2                                                                                                             | system_i/procesamiento/fir_filter_wrapper_0/inst/filtro_fir/x[0][13]_i_1_n_0                                                                                                                            |              230 |            448 |         1.95 |
+--------------------------------------------------------------+------------------------------------------------------------------------------------------------------------------------------------------------------------------------------+---------------------------------------------------------------------------------------------------------------------------------------------------------------------------------------------------------+------------------+----------------+--------------+


